[WARNING] 
[WARNING] Some problems were encountered while building the effective settings
[WARNING] Unrecognised tag: 'updatePolicy' (position: START_TAG seen ...</url>\r\n\t\t\t\t\t\t<updatePolicy>... @57:21)  @ C:\Users\TCUMI\.m2\settings.xml, line 57, column 21
[WARNING] 
[INFO] Scanning for projects...
[INFO] ------------------------------------------------------------------------
[INFO] Reactor Build Order:
[INFO] 
[INFO] Profile-Cross-Enterprise Document Sharing(XDS)
[INFO] ITI-018-RegistryStoredQuery
[INFO] ITI-041-ProvideAndRegisterDocumentSet
[INFO] ITI-043-RetrieveDocumentSet
[INFO] 
[INFO] Using the MultiThreadedBuilder implementation with a thread count of 16
[INFO]                                                                         
[INFO] ------------------------------------------------------------------------
[INFO] Building Profile-Cross-Enterprise Document Sharing(XDS) 0.2.0-SNAPSHOT
[INFO] ------------------------------------------------------------------------
[INFO] 
[INFO] --- maven-clean-plugin:2.5:clean (default-clean) @ Profile-Cross-Enterprise.Document.Sharing ---
[INFO] 
[INFO] --- maven-install-plugin:2.5.2:install (default-install) @ Profile-Cross-Enterprise.Document.Sharing ---
[INFO] Installing D:\Dropbox\IHE-Technical-Frameworks\IHE-IT-Infrastructure\Profile-Cross-Enterprise.Document.Sharing\pom.xml to C:\Users\TCUMI\.m2\repository\edu\tcu\mi\ihe\Profile-Cross-Enterprise.Document.Sharing\0.2.0-SNAPSHOT\Profile-Cross-Enterprise.Document.Sharing-0.2.0-SNAPSHOT.pom
[INFO]                                                                         
[INFO] ------------------------------------------------------------------------
[INFO] Building ITI-018-RegistryStoredQuery 0.2.0-SNAPSHOT
[INFO]                                                                         
[INFO] ------------------------------------------------------------------------
[INFO] ------------------------------------------------------------------------
[INFO]                                                                         
[INFO] Building ITI-041-ProvideAndRegisterDocumentSet 0.2.0-SNAPSHOT
[INFO] ------------------------------------------------------------------------
[INFO] ------------------------------------------------------------------------
[INFO] Building ITI-043-RetrieveDocumentSet 0.2.0-SNAPSHOT
[INFO] ------------------------------------------------------------------------
[WARNING] The POM for ca.uhn.hapi:hapi-extend:jar:2.2 is missing, no dependency information available
[WARNING] The POM for ca.uhn.hapi:hapi-extend:jar:2.2 is missing, no dependency information available
[WARNING] The POM for ca.uhn.hapi:hapi-extend:jar:2.2 is missing, no dependency information available
[WARNING] The artifact org.apache.commons:commons-io:jar:1.3.2 has been relocated to commons-io:commons-io:jar:1.3.2
[INFO] 
[INFO] --- maven-clean-plugin:2.5:clean (default-clean) @ ITI-018-RegistryStoredQuery ---
[INFO] 
[INFO] --- maven-clean-plugin:2.5:clean (default-clean) @ ITI-043-RetrieveDocumentSet ---
[INFO] Deleting D:\Dropbox\IHE-Technical-Frameworks\IHE-IT-Infrastructure\Profile-Cross-Enterprise.Document.Sharing\ITI-043-RetrieveDocumentSet\target
[INFO] Deleting D:\Dropbox\IHE-Technical-Frameworks\IHE-IT-Infrastructure\Profile-Cross-Enterprise.Document.Sharing\ITI-018-RegistryStoredQuery\target
[INFO] 
[INFO] --- maven-clean-plugin:2.5:clean (default-clean) @ ITI-041-ProvideAndRegisterDocumentSet ---
[INFO] Deleting D:\Dropbox\IHE-Technical-Frameworks\IHE-IT-Infrastructure\Profile-Cross-Enterprise.Document.Sharing\ITI-041-ProvideAndRegisterDocumentSet\target
[INFO] 
[INFO] --- maven-resources-plugin:2.6:resources (default-resources) @ ITI-041-ProvideAndRegisterDocumentSet ---
[INFO] 
[INFO] --- maven-resources-plugin:2.6:resources (default-resources) @ ITI-018-RegistryStoredQuery ---
[INFO] 
[INFO] --- maven-resources-plugin:2.6:resources (default-resources) @ ITI-043-RetrieveDocumentSet ---
[INFO] Using 'UTF-8' encoding to copy filtered resources.
[INFO] Using 'UTF-8' encoding to copy filtered resources.
[INFO] Using 'UTF-8' encoding to copy filtered resources.
[INFO] Copying 2 resources
[INFO] Copying 2 resources
[INFO] Copying 1 resource
[INFO] Copying 98 resources
[INFO] Copying 98 resources
[INFO] Copying 98 resources
[INFO] 
[INFO] --- maven-compiler-plugin:3.1:compile (default-compile) @ ITI-041-ProvideAndRegisterDocumentSet ---
[INFO] 
[INFO] --- maven-compiler-plugin:3.1:compile (default-compile) @ ITI-018-RegistryStoredQuery ---
[INFO] 
[INFO] --- maven-compiler-plugin:3.1:compile (default-compile) @ ITI-043-RetrieveDocumentSet ---
[INFO] Changes detected - recompiling the module!
[INFO] Changes detected - recompiling the module!
[INFO] Changes detected - recompiling the module!
[INFO] Compiling 17 source files to D:\Dropbox\IHE-Technical-Frameworks\IHE-IT-Infrastructure\Profile-Cross-Enterprise.Document.Sharing\ITI-041-ProvideAndRegisterDocumentSet\target\classes
[INFO] Compiling 15 source files to D:\Dropbox\IHE-Technical-Frameworks\IHE-IT-Infrastructure\Profile-Cross-Enterprise.Document.Sharing\ITI-018-RegistryStoredQuery\target\classes
[INFO] Compiling 2 source files to D:\Dropbox\IHE-Technical-Frameworks\IHE-IT-Infrastructure\Profile-Cross-Enterprise.Document.Sharing\ITI-043-RetrieveDocumentSet\target\classes
[INFO] 
[INFO] --- maven-resources-plugin:2.6:testResources (default-testResources) @ ITI-043-RetrieveDocumentSet ---
[INFO] Using 'UTF-8' encoding to copy filtered resources.
[INFO] Copying 9 resources
[INFO] 
[INFO] --- maven-resources-plugin:2.6:testResources (default-testResources) @ ITI-018-RegistryStoredQuery ---
[INFO] Using 'UTF-8' encoding to copy filtered resources.
[INFO] Copying 30 resources
[INFO] 
[INFO] --- maven-compiler-plugin:3.1:testCompile (default-testCompile) @ ITI-018-RegistryStoredQuery ---
[INFO] Nothing to compile - all classes are up to date
[INFO] 
[INFO] --- maven-surefire-plugin:2.18.1:test (default-test) @ ITI-018-RegistryStoredQuery ---
[INFO] 
[INFO] --- maven-resources-plugin:2.6:testResources (default-testResources) @ ITI-041-ProvideAndRegisterDocumentSet ---
[INFO] Using 'UTF-8' encoding to copy filtered resources.
[INFO] Copying 4 resources
[INFO] Tests are skipped.
[INFO] 
[INFO] --- maven-jar-plugin:2.5:jar (default-jar) @ ITI-018-RegistryStoredQuery ---
[INFO] 
[INFO] --- maven-compiler-plugin:3.1:testCompile (default-testCompile) @ ITI-041-ProvideAndRegisterDocumentSet ---
[INFO] 
[INFO] --- maven-compiler-plugin:3.1:testCompile (default-testCompile) @ ITI-043-RetrieveDocumentSet ---
[INFO] Changes detected - recompiling the module!
[INFO] Nothing to compile - all classes are up to date
[INFO] 
[INFO] --- maven-surefire-plugin:2.18.1:test (default-test) @ ITI-041-ProvideAndRegisterDocumentSet ---
[INFO] Compiling 1 source file to D:\Dropbox\IHE-Technical-Frameworks\IHE-IT-Infrastructure\Profile-Cross-Enterprise.Document.Sharing\ITI-043-RetrieveDocumentSet\target\test-classes
[INFO] Tests are skipped.
[INFO] 
[INFO] --- maven-jar-plugin:2.5:jar (default-jar) @ ITI-041-ProvideAndRegisterDocumentSet ---
[INFO] Building jar: D:\Dropbox\IHE-Technical-Frameworks\IHE-IT-Infrastructure\Profile-Cross-Enterprise.Document.Sharing\ITI-018-RegistryStoredQuery\target\ITI-018-RegistryStoredQuery-0.2.0-SNAPSHOT.jar
[INFO] Building jar: D:\Dropbox\IHE-Technical-Frameworks\IHE-IT-Infrastructure\Profile-Cross-Enterprise.Document.Sharing\ITI-041-ProvideAndRegisterDocumentSet\target\ITI-041-ProvideAndRegisterDocumentSet-0.2.0-SNAPSHOT.jar
[INFO] 
[INFO] --- maven-surefire-plugin:2.18.1:test (default-test) @ ITI-043-RetrieveDocumentSet ---
[INFO] Tests are skipped.
[INFO] 
[INFO] --- maven-jar-plugin:2.5:jar (default-jar) @ ITI-043-RetrieveDocumentSet ---
[INFO] Building jar: D:\Dropbox\IHE-Technical-Frameworks\IHE-IT-Infrastructure\Profile-Cross-Enterprise.Document.Sharing\ITI-043-RetrieveDocumentSet\target\ITI-043-RetrieveDocumentSet-0.2.0-SNAPSHOT.jar
[INFO] 
[INFO] --- maven-install-plugin:2.5.2:install (default-install) @ ITI-041-ProvideAndRegisterDocumentSet ---
[INFO] Installing D:\Dropbox\IHE-Technical-Frameworks\IHE-IT-Infrastructure\Profile-Cross-Enterprise.Document.Sharing\ITI-041-ProvideAndRegisterDocumentSet\target\ITI-041-ProvideAndRegisterDocumentSet-0.2.0-SNAPSHOT.jar to C:\Users\TCUMI\.m2\repository\edu\tcu\mi\ihe\ITI-041-ProvideAndRegisterDocumentSet\0.2.0-SNAPSHOT\ITI-041-ProvideAndRegisterDocumentSet-0.2.0-SNAPSHOT.jar
[INFO] Installing D:\Dropbox\IHE-Technical-Frameworks\IHE-IT-Infrastructure\Profile-Cross-Enterprise.Document.Sharing\ITI-041-ProvideAndRegisterDocumentSet\pom.xml to C:\Users\TCUMI\.m2\repository\edu\tcu\mi\ihe\ITI-041-ProvideAndRegisterDocumentSet\0.2.0-SNAPSHOT\ITI-041-ProvideAndRegisterDocumentSet-0.2.0-SNAPSHOT.pom
[INFO] 
[INFO] --- maven-install-plugin:2.5.2:install (default-install) @ ITI-043-RetrieveDocumentSet ---
[INFO] Installing D:\Dropbox\IHE-Technical-Frameworks\IHE-IT-Infrastructure\Profile-Cross-Enterprise.Document.Sharing\ITI-043-RetrieveDocumentSet\target\ITI-043-RetrieveDocumentSet-0.2.0-SNAPSHOT.jar to C:\Users\TCUMI\.m2\repository\edu\tcu\mi\ihe\ITI-043-RetrieveDocumentSet\0.2.0-SNAPSHOT\ITI-043-RetrieveDocumentSet-0.2.0-SNAPSHOT.jar
[INFO] 
[INFO] --- maven-install-plugin:2.5.2:install (default-install) @ ITI-018-RegistryStoredQuery ---
[INFO] Installing D:\Dropbox\IHE-Technical-Frameworks\IHE-IT-Infrastructure\Profile-Cross-Enterprise.Document.Sharing\ITI-018-RegistryStoredQuery\target\ITI-018-RegistryStoredQuery-0.2.0-SNAPSHOT.jar to C:\Users\TCUMI\.m2\repository\edu\tcu\mi\ihe\ITI-018-RegistryStoredQuery\0.2.0-SNAPSHOT\ITI-018-RegistryStoredQuery-0.2.0-SNAPSHOT.jar
[INFO] Installing D:\Dropbox\IHE-Technical-Frameworks\IHE-IT-Infrastructure\Profile-Cross-Enterprise.Document.Sharing\ITI-043-RetrieveDocumentSet\pom.xml to C:\Users\TCUMI\.m2\repository\edu\tcu\mi\ihe\ITI-043-RetrieveDocumentSet\0.2.0-SNAPSHOT\ITI-043-RetrieveDocumentSet-0.2.0-SNAPSHOT.pom
[INFO] Installing D:\Dropbox\IHE-Technical-Frameworks\IHE-IT-Infrastructure\Profile-Cross-Enterprise.Document.Sharing\ITI-018-RegistryStoredQuery\pom.xml to C:\Users\TCUMI\.m2\repository\edu\tcu\mi\ihe\ITI-018-RegistryStoredQuery\0.2.0-SNAPSHOT\ITI-018-RegistryStoredQuery-0.2.0-SNAPSHOT.pom
[INFO] ------------------------------------------------------------------------
[INFO] Reactor Summary:
[INFO] 
[INFO] Profile-Cross-Enterprise Document Sharing(XDS) ..... SUCCESS [  0.424 s]
[INFO] ITI-018-RegistryStoredQuery ........................ SUCCESS [  6.197 s]
[INFO] ITI-041-ProvideAndRegisterDocumentSet .............. SUCCESS [  5.923 s]
[INFO] ITI-043-RetrieveDocumentSet ........................ SUCCESS [  6.183 s]
[INFO] ------------------------------------------------------------------------
[INFO] BUILD SUCCESS
[INFO] ------------------------------------------------------------------------
[INFO] Total time: 7.378 s (Wall Clock)
[INFO] Finished at: 2016-01-20T14:11:23+08:00
[INFO] Final Memory: 43M/583M
[INFO] ------------------------------------------------------------------------
